<?xml version="1.0" encoding="UTF-8"?>
<testng-results ignored="0" total="1" passed="1" failed="0" skipped="0">
  <reporter-output>
  </reporter-output>
  <suite started-at="2024-06-05T11:14:06 IST" name="Default suite" finished-at="2024-06-05T11:14:06 IST" duration-ms="114">
    <groups>
    </groups>
    <test started-at="2024-06-05T11:14:06 IST" name="Default test" finished-at="2024-06-05T11:14:06 IST" duration-ms="114">
      <class name="seleniumpractice.e">
        <test-method is-config="true" signature="us()[pri:0, instance:seleniumpractice.e@1aafa419]" started-at="2024-06-05T11:14:06 IST" name="us" finished-at="2024-06-05T11:14:06 IST" duration-ms="14" status="PASS">
          <reporter-output>
          </reporter-output>
        </test-method> <!-- us -->
        <test-method signature="msee()[pri:0, instance:seleniumpractice.e@1aafa419]" started-at="2024-06-05T11:14:06 IST" name="msee" finished-at="2024-06-05T11:14:06 IST" duration-ms="15" status="PASS">
          <reporter-output>
          </reporter-output>
        </test-method> <!-- msee -->
        <test-method is-config="true" signature="msu()[pri:0, instance:seleniumpractice.e@1aafa419]" started-at="2024-06-05T11:14:06 IST" name="msu" finished-at="2024-06-05T11:14:06 IST" duration-ms="2" status="PASS">
          <reporter-output>
          </reporter-output>
        </test-method> <!-- msu -->
      </class> <!-- seleniumpractice.e -->
    </test> <!-- Default test -->
  </suite> <!-- Default suite -->
</testng-results>
